<?xml version="1.0" encoding="UTF-8"?>
<!-- Generated by org.testng.reporters.JUnitReportReporter -->
<testsuite hostname="pavanis-Air" failures="0" tests="1" name="Webdriver.SingletonPattern_Selenium" time="7.168" errors="0" timestamp="2022-03-09T23:21:58 CST" skipped="0">
  <testcase classname="Webdriver.SingletonPattern_Selenium" name="titleofpage" time="7.168"/>
  <system-out/>
</testsuite> <!-- Webdriver.SingletonPattern_Selenium -->
