<?xml version="1.0" encoding="UTF-8"?>
<!-- Generated by org.testng.reporters.JUnitReportReporter -->
<testsuite hostname="pavanis-Air" failures="0" tests="6" name="Webdriver.MakeMyTrip" time="128.109" errors="0" timestamp="2022-04-17T23:39:17 CDT" skipped="0">
  <testcase classname="Webdriver.MakeMyTrip" name="Flight" time="8.258"/>
  <system-out/>
  <testcase classname="Webdriver.MakeMyTrip" name="DataPicker" time="0.694"/>
  <system-out/>
  <testcase classname="Webdriver.MakeMyTrip" name="DepartureFlightInfo" time="45.857"/>
  <system-out/>
  <testcase classname="Webdriver.MakeMyTrip" name="ReturnFilghtInfo" time="0.069"/>
  <system-out/>
  <testcase classname="Webdriver.MakeMyTrip" name="FarePriceCheck" time="36.787"/>
  <system-out/>
  <testcase classname="Webdriver.MakeMyTrip" name="FarePriceCheck" time="36.444"/>
  <system-out/>
</testsuite> <!-- Webdriver.MakeMyTrip -->
